2025-10-25 16:20:32,632 - INFO - [CAPTCHA] Solver initialized
2025-10-25 16:20:32,632 - INFO - [DRIVER] Initializing ULTIMATE undetected Chrome...
2025-10-25 16:20:34,815 - INFO - patching driver executable C:\Users\Hi\appdata\roaming\undetected_chromedriver\undetected_chromedriver.exe
2025-10-25 16:20:37,449 - INFO - [STEALTH] Injecting anti-detection scripts...
2025-10-25 16:20:37,453 - INFO - [STEALTH] Injected: webdriver
2025-10-25 16:20:37,455 - INFO - [STEALTH] Injected: chrome
2025-10-25 16:20:37,457 - INFO - [STEALTH] Injected: permissions
2025-10-25 16:20:37,459 - INFO - [STEALTH] Injected: plugins
2025-10-25 16:20:37,462 - INFO - [STEALTH] Injected: languages
2025-10-25 16:20:37,464 - INFO - [STEALTH] Injected: canvas
2025-10-25 16:20:37,466 - INFO - [STEALTH] Injected: webgl
2025-10-25 16:20:37,468 - INFO - [STEALTH] Injected: battery
2025-10-25 16:20:37,470 - INFO - [STEALTH] Injected: connection
2025-10-25 16:20:37,472 - INFO - [STEALTH] Injected: deviceMemory
2025-10-25 16:20:37,474 - INFO - [STEALTH] Injected: hardwareConcurrency
2025-10-25 16:20:37,474 - INFO - [STEALTH] All stealth scripts injected
2025-10-25 16:20:37,475 - INFO - [DRIVER] ULTIMATE Chrome initialized successfully
2025-10-25 16:20:37,475 - INFO - ============================================================
2025-10-25 16:20:37,475 - INFO - [ATTEMPT 1/1] Starting @ 16:20:37
2025-10-25 16:20:37,475 - INFO - ============================================================
2025-10-25 16:20:37,475 - INFO - [NAV] Navigating to: https://rumble.com/register/
2025-10-25 16:20:41,834 - INFO - [NAV] Page loaded successfully
2025-10-25 16:20:44,614 - INFO - [SCREENSHOT] C:\rumble-tool\python\logs\screenshot_attempt1_01_loaded_1761384044.png
2025-10-25 16:20:54,666 - INFO - [CAPTCHA] No CAPTCHA detected
2025-10-25 16:20:56,198 - INFO - [USER] s25h323zv2r.5365@outlook.com
2025-10-25 16:20:56,198 - INFO - [FORM] Filling form with human behavior...
2025-10-25 16:21:01,441 - INFO - [FORM] Email: s25h323zv2r.5365@outlook.com
2025-10-25 16:21:05,729 - INFO - [FORM] Username: s25h323zv2r86
2025-10-25 16:21:08,470 - INFO - [FORM] Gender: female (keyboard)
2025-10-25 16:21:10,745 - INFO - [FORM] Month: November
2025-10-25 16:21:11,739 - INFO - [FORM] Day: 2
2025-10-25 16:21:12,986 - INFO - [FORM] Year: 1996
2025-10-25 16:21:16,939 - INFO - [FORM] Country: United States (keyboard)
2025-10-25 16:21:18,380 - INFO - [FORM] Form filled successfully with human behavior
2025-10-25 16:21:18,597 - INFO - [SCREENSHOT] C:\rumble-tool\python\logs\screenshot_attempt1_03_filled_1761384078.png
2025-10-25 16:21:28,622 - INFO - [CAPTCHA] No CAPTCHA detected
2025-10-25 16:21:29,845 - INFO - [SUBMIT] Looking for submit button...
2025-10-25 16:21:31,304 - INFO - [SUBMIT] Terms checkbox checked
2025-10-25 16:21:32,253 - INFO - [SUBMIT] Found button with XPath: //button[contains(normalize-space(), 'Next')]
2025-10-25 16:21:34,431 - INFO - [SUBMIT] Clicking submit button...
2025-10-25 16:21:34,453 - INFO - [SUBMIT] Form submitted (JS click)
2025-10-25 16:21:37,170 - INFO - [SCREENSHOT] C:\rumble-tool\python\logs\screenshot_attempt1_05_submitted_1761384096.png
2025-10-25 16:21:47,175 - INFO - [CAPTCHA] No CAPTCHA detected
2025-10-25 16:21:47,175 - INFO - [WAIT] Waiting up to 40s for result...
2025-10-25 16:21:47,189 - ERROR - [FAIL] Registration not available (Bot detected)
2025-10-25 16:21:47,420 - INFO - [SCREENSHOT] C:\rumble-tool\python\logs\screenshot_attempt1_06_result_1761384107.png
2025-10-25 16:21:47,420 - ERROR - [FAIL] Attempt 1 failed
2025-10-25 16:21:47,420 - INFO - ============================================================
2025-10-25 16:21:47,420 - INFO - [SUMMARY] 0/1 attempts succeeded
2025-10-25 16:21:47,420 - INFO - ============================================================
2025-10-25 16:21:47,420 - INFO - 
Keeping browser open for 10 seconds...
2025-10-25 16:21:57,421 - INFO - [CLOSE] Closing browser...
2025-10-25 16:21:57,734 - INFO - [CLOSE] Browser closed
2025-10-27 16:28:27,800 - INFO - [CAPTCHA] Solver initialized with YesCaptcha
2025-10-27 16:28:27,802 - INFO - [DRIVER] Initializing MAXIMUM stealth Chrome...
2025-10-27 16:28:28,505 - INFO - [DRIVER] Browser opened, waiting for stabilization...
2025-10-27 16:28:32,245 - INFO - [STEALTH] Injecting anti-detection scripts...
2025-10-27 16:28:32,250 - INFO - [STEALTH] Injected: webdriver
2025-10-27 16:28:32,254 - INFO - [STEALTH] Injected: chrome
2025-10-27 16:28:32,254 - INFO - [STEALTH] Injected: permissions
2025-10-27 16:28:32,258 - INFO - [STEALTH] Injected: plugins
2025-10-27 16:28:32,260 - INFO - [STEALTH] Injected: languages
2025-10-27 16:28:32,262 - INFO - [STEALTH] Injected: canvas
2025-10-27 16:28:32,265 - INFO - [STEALTH] Injected: webgl
2025-10-27 16:28:32,267 - INFO - [STEALTH] Injected: battery
2025-10-27 16:28:32,269 - INFO - [STEALTH] Injected: connection
2025-10-27 16:28:32,272 - INFO - [STEALTH] Injected: deviceMemory
2025-10-27 16:28:32,274 - INFO - [STEALTH] Injected: hardwareConcurrency
2025-10-27 16:28:32,274 - INFO - [STEALTH] All stealth scripts injected
2025-10-27 16:28:32,274 - INFO - [DRIVER] Visiting Google first (look natural)...
2025-10-27 16:28:38,392 - INFO - [DRIVER] Google visit complete
2025-10-27 16:28:38,392 - INFO - [DRIVER] ULTIMATE Chrome initialized successfully
2025-10-27 16:28:38,392 - INFO - ============================================================
2025-10-27 16:28:38,393 - INFO - [ATTEMPT 1/1] Starting @ 16:28:38
2025-10-27 16:28:38,393 - INFO - ============================================================
2025-10-27 16:28:38,393 - INFO - [NAV] Navigating to: https://rumble.com/register/
2025-10-27 16:28:42,558 - INFO - [NAV] Page loaded successfully
2025-10-27 16:28:42,558 - INFO - [HUMAN] Initial page observation...
2025-10-27 16:28:54,882 - INFO - [SCREENSHOT] C:\rumble-tool\python\logs\screenshot_attempt1_01_loaded_1761557334.png
2025-10-27 16:29:16,921 - INFO - [CAPTCHA] No CAPTCHA detected
2025-10-27 16:29:18,727 - INFO - [EMAIL] Generated random email
2025-10-27 16:29:18,727 - INFO - [USER] 8k5hnr66jds.7446@gmail.com
2025-10-27 16:29:18,727 - INFO - [FORM] Filling form with human behavior...
2025-10-27 16:29:18,727 - INFO - [HUMAN] Quick page check...
2025-10-27 16:29:23,595 - INFO - [FORM] Email: 8k5hnr66jds.7446@gmail.com
2025-10-27 16:29:24,441 - INFO - [FORM] Long form detected (username=True, gender=True, country=True)
2025-10-27 16:29:24,441 - INFO - [STRATEGY] Filling ALL fields QUICKLY like experienced user
2025-10-27 16:29:27,340 - INFO - [FORM] Username: bo1hcua208642
2025-10-27 16:29:28,240 - INFO - [FORM] Gender set via Select: male
2025-10-27 16:29:28,248 - INFO - [FORM] Gender: male
2025-10-27 16:29:32,976 - INFO - [FORM] Month: July
2025-10-27 16:29:35,547 - INFO - [FORM] Day: 1
2025-10-27 16:29:37,865 - INFO - [FORM] Year: 2002
2025-10-27 16:29:51,149 - INFO - [FORM] Country set via Select: United States
2025-10-27 16:29:51,154 - INFO - [FORM] Country: United States
2025-10-27 16:29:52,692 - INFO - [HUMAN] Quick form review...
2025-10-27 16:29:57,587 - INFO - [FORM] Form filled successfully with human behavior
2025-10-27 16:29:57,806 - INFO - [SCREENSHOT] C:\rumble-tool\python\logs\screenshot_attempt1_03_filled_1761557397.png
2025-10-27 16:30:19,859 - INFO - [CAPTCHA] No CAPTCHA detected
2025-10-27 16:30:21,482 - INFO - [SUBMIT] Looking for submit button...
2025-10-27 16:30:24,672 - INFO - [SUBMIT] Terms checkbox checked
2025-10-27 16:30:25,662 - INFO - [SUBMIT] Found button with XPath: //button[contains(normalize-space(), 'Next')]
2025-10-27 16:30:27,715 - INFO - [SUBMIT] Pressing ENTER to submit...
2025-10-27 16:30:27,766 - INFO - [SUBMIT] Form submitted (ENTER key)
2025-10-27 16:30:30,382 - INFO - [SCREENSHOT] C:\rumble-tool\python\logs\screenshot_attempt1_05_submitted_1761557430.png
2025-10-27 16:30:42,425 - INFO - [CAPTCHA] Turnstile widget found by class
2025-10-27 16:30:42,436 - INFO - [CAPTCHA] Found sitekey with pattern: "sitekey":\s*"([^"]+)"
2025-10-27 16:30:42,436 - INFO - [CAPTCHA] Sitekey: 0x4AAAAAAAQJGu-4FiDQVjFz
2025-10-27 16:30:42,440 - INFO - [CAPTCHA] URL: https://auth.rumble.com/signup?theme=s&redirect_uri=https%3A%2F%2Frumble.com%2Fregister%2F%3Fref%3D&lang=en_US
2025-10-27 16:30:42,440 - INFO - [CAPTCHA] Solving with YesCaptcha API...
2025-10-27 16:30:42,443 - INFO - [CAPTCHA] Trying YesCaptcha API...
2025-10-27 16:30:42,443 - INFO - [CAPTCHA] Creating YesCaptcha task...
2025-10-27 16:30:43,051 - ERROR - [CAPTCHA] YesCaptcha error: 任务类型不正确或不受支持: 请检查 TurnstileTaskProxyLess
2025-10-27 16:30:43,054 - ERROR - [CAPTCHA] All solvers failed or not configured
2025-10-27 16:30:43,054 - ERROR - [CAPTCHA] Failed to get token from API
2025-10-27 16:30:43,054 - INFO - [WAIT] Waiting up to 40s for result...
2025-10-27 16:30:45,091 - WARNING - [WARN] Error checking page state: Message: invalid session id: session deleted as the browser has closed the connection
from disconnected: not connected to DevTools
  (Session info: chrome=141.0.7390.123)
Stacktrace:
	GetHandleVerifier [0x0xc7fe43+66515]
	GetHandleVerifier [0x0xc7fe84+66580]
	(No symbol) [0x0xa6dc48]
	(No symbol) [0x0xa5ce80]
	(No symbol) [0x0xa7b81b]
	(No symbol) [0x0xae1c25]
	(No symbol) [0x0xafc4d9]
	(No symbol) [0x0xadafc6]
	(No symbol) [0x0xaac2ca]
	(No symbol) [0x0xaad154]
	GetHandleVerifier [0x0xed7353+2521315]
	GetHandleVerifier [0x0xed22d3+2500707]
	GetHandleVerifier [0x0xca7c94+229924]
	GetHandleVerifier [0x0xc981f8+165768]
	GetHandleVerifier [0x0xc9ecad+193085]
	GetHandleVerifier [0x0xc88158+100072]
	GetHandleVerifier [0x0xc882f0+100480]
	GetHandleVerifier [0x0xc725aa+11066]
	BaseThreadInitThunk [0x0x77395d49+25]
	RtlInitializeExceptionChain [0x0x77e6d6db+107]
	RtlGetAppContainerNamedObjectPath [0x0x77e6d661+561]

2025-10-27 16:30:45,091 - WARNING - [SCREENSHOT] Failed (browser may have crashed): Message: invalid session id
Stacktrace:
	GetHandleVerifier [0x0xc7fe43+66515]
	GetHandleVerifier [0x0xc7fe84+66580]
	(No symbol) [0x0xa6da6b]
	(No symbol) [0x0xaab5ab]
	(No symbol) [0x0xadb086]
	(No symbol) [0x0xad667c]
	(No symbol) [0x0xad5bf3]
	(No symbol) [0x0xa3e72d]
	(No symbol) [0x0xa3ecae]
	(No symbol) [0x0xa3f14d]
	GetHandleVerifier [0x0xed7353+2521315]
	GetHandleVerifier [0x0xed22d3+2500707]
	GetHandleVerifier [0x0xca7c94+229924]
	GetHandleVerifier [0x0xc981f8+165768]
	GetHandleVerifier [0x0xc9ecad+193085]
	(No symbol) [0x0xa3e3e3]
	(No symbol) [0x0xa3db60]
	GetHandleVerifier [0x0x101c20f+3852191]
	BaseThreadInitThunk [0x0x77395d49+25]
	RtlInitializeExceptionChain [0x0x77e6d6db+107]
	RtlGetAppContainerNamedObjectPath [0x0x77e6d661+561]

2025-10-27 16:30:45,091 - ERROR - [FAIL] Attempt 1 failed
2025-10-27 16:30:45,091 - INFO - ============================================================
2025-10-27 16:30:45,091 - INFO - [SUMMARY] 0/1 attempts succeeded
2025-10-27 16:30:45,091 - INFO - ============================================================
2025-10-27 16:30:45,091 - INFO - 
Keeping browser open for 10 seconds...
2025-10-27 16:30:55,094 - INFO - [CLOSE] Closing browser...
2025-10-27 16:30:55,270 - INFO - [CLOSE] Browser closed
